<?xml version="1.0" encoding="UTF-8"?>
<!-- Generated by org.testng.reporters.JUnitReportReporter -->
<testsuite skipped="0" hostname="USBLRSSOUNDARA3" name="Demo.Test1" tests="1" failures="0" timestamp="9 Oct 2019 02:21:01 GMT" time="129.038" errors="0">
  <testcase name="test" time="129.038" classname="Demo.Test1"/>
</testsuite> <!-- Demo.Test1 -->
